Sample 0	Loglikelihood:	-2092.586920930531
Sample 1	Loglikelihood:	-2087.757961710259
Sample 2	Loglikelihood:	-2091.0095644052403
Sample 3	Loglikelihood:	-2095.680407565365
Sample 4	Loglikelihood:	-2076.1154780937095
Sample 5	Loglikelihood:	-2079.7442140000708
Sample 6	Loglikelihood:	-2086.0667508499055
Sample 7	Loglikelihood:	-2081.8380925538563
Sample 8	Loglikelihood:	-2084.8826747373655
Sample 9	Loglikelihood:	-2078.941685412582
Sample 10	Loglikelihood:	-2078.521204010697
Sample 11	Loglikelihood:	-2088.3995146959182
Sample 12	Loglikelihood:	-2080.8045211865865
Sample 13	Loglikelihood:	-2079.5586768020858
Sample 14	Loglikelihood:	-2085.335948456226
Sample 15	Loglikelihood:	-2088.8441524626405
Sample 16	Loglikelihood:	-2088.742497843204
Sample 17	Loglikelihood:	-2079.1867471312426
Sample 18	Loglikelihood:	-2076.9896336849265
Sample 19	Loglikelihood:	-2087.502197149651
