Sample 0	Loglikelihood:	-3547.652918208654
Sample 1	Loglikelihood:	-3520.120555562746
Sample 2	Loglikelihood:	-3529.7585936535747
Sample 3	Loglikelihood:	-3528.1433939943263
Sample 4	Loglikelihood:	-3529.655739025779
Sample 5	Loglikelihood:	-3520.1024869159587
Sample 6	Loglikelihood:	-3505.5410848772663
Sample 7	Loglikelihood:	-3502.920450093013
Sample 8	Loglikelihood:	-3508.805177758184
Sample 9	Loglikelihood:	-3500.3270512631
Sample 10	Loglikelihood:	-3506.9154503920076
Sample 11	Loglikelihood:	-3507.3116168377587
Sample 12	Loglikelihood:	-3500.8680467022223
Sample 13	Loglikelihood:	-3492.449606666022
Sample 14	Loglikelihood:	-3496.859668592591
Sample 15	Loglikelihood:	-3500.8456984995837
Sample 16	Loglikelihood:	-3492.4772899968043
Sample 17	Loglikelihood:	-3494.560529919393
Sample 18	Loglikelihood:	-3492.2555792633734
Sample 19	Loglikelihood:	-3492.3817979304436
