Sample 0	Loglikelihood:	-2552.568651114274
Sample 1	Loglikelihood:	-2563.3987207695127
Sample 2	Loglikelihood:	-2577.5322709213465
Sample 3	Loglikelihood:	-2569.3764917440344
Sample 4	Loglikelihood:	-2568.6039534453535
Sample 5	Loglikelihood:	-2563.2501975666014
Sample 6	Loglikelihood:	-2561.6735047457173
Sample 7	Loglikelihood:	-2565.997537152602
Sample 8	Loglikelihood:	-2558.078651590929
Sample 9	Loglikelihood:	-2557.34605468743
Sample 10	Loglikelihood:	-2564.6018090795465
Sample 11	Loglikelihood:	-2553.8785090476017
Sample 12	Loglikelihood:	-2559.4593247228477
Sample 13	Loglikelihood:	-2564.780501452677
Sample 14	Loglikelihood:	-2562.413919226023
Sample 15	Loglikelihood:	-2549.9103434381864
Sample 16	Loglikelihood:	-2556.500539829498
Sample 17	Loglikelihood:	-2558.2268331960254
Sample 18	Loglikelihood:	-2567.7233365676634
Sample 19	Loglikelihood:	-2556.6806950966884
