Sample 0	Loglikelihood:	-1248.9365968715933
Sample 1	Loglikelihood:	-1247.3030367202696
Sample 2	Loglikelihood:	-1248.3224967861345
Sample 3	Loglikelihood:	-1246.0922347173102
Sample 4	Loglikelihood:	-1243.104892372494
Sample 5	Loglikelihood:	-1244.9715924090515
Sample 6	Loglikelihood:	-1243.4534039652744
Sample 7	Loglikelihood:	-1239.7144517865222
Sample 8	Loglikelihood:	-1238.5028409695155
Sample 9	Loglikelihood:	-1241.9163912827457
Sample 10	Loglikelihood:	-1231.3327211290282
Sample 11	Loglikelihood:	-1230.7914306435396
Sample 12	Loglikelihood:	-1235.0799476425668
Sample 13	Loglikelihood:	-1238.0305318883065
Sample 14	Loglikelihood:	-1240.4023623445626
Sample 15	Loglikelihood:	-1235.4294328116148
Sample 16	Loglikelihood:	-1234.2655595718297
Sample 17	Loglikelihood:	-1232.736245065169
Sample 18	Loglikelihood:	-1234.8571216434846
Sample 19	Loglikelihood:	-1238.3523274172444
